<?xml version="1.0" encoding="UTF-8" ?>
<testsuite failures="0" time="146.831" errors="1" skipped="0" tests="9" name="com.selenium.webdriver.driverManager.SuiteTest">
  <properties>
    <property name="java.vendor" value="Oracle Corporation"/>
    <property name="JOB_NAME" value="Chrome Tests"/>
    <property name="sun.java.launcher" value="SUN_STANDARD"/>
    <property name="NUMBER_OF_PROCESSORS" value="2"/>
    <property name="sun.management.compiler" value="HotSpot 64-Bit Tiered Compilers"/>
    <property name="JENKINS_HOME" value="C:\Users\Ehsun\.jenkins"/>
    <property name="HUDSON_SERVER_COOKIE" value="b8fda225ea0cd94b"/>
    <property name="POM_ARTIFACTID" value="webdriver"/>
    <property name="os.name" value="Windows 7"/>
    <property name="sun.boot.class.path" value="C:\Program Files\Java\jdk1.7.0_45\jre\lib\resources.jar;C:\Program Files\Java\jdk1.7.0_45\jre\lib\rt.jar;C:\Program Files\Java\jdk1.7.0_45\jre\lib\sunrsasign.jar;C:\Program Files\Java\jdk1.7.0_45\jre\lib\jsse.jar;C:\Program Files\Java\jdk1.7.0_45\jre\lib\jce.jar;C:\Program Files\Java\jdk1.7.0_45\jre\lib\charsets.jar;C:\Program Files\Java\jdk1.7.0_45\jre\lib\jfr.jar;C:\Program Files\Java\jdk1.7.0_45\jre\classes"/>
    <property name="EXECUTOR_NUMBER" value="0"/>
    <property name="sun.desktop" value="windows"/>
    <property name="PATHEXT" value=".COM;.EXE;.BAT;.CMD;.VBS;.VBE;.JS;.JSE;.WSF;.WSH;.MSC"/>
    <property name="java.vm.specification.vendor" value="Oracle Corporation"/>
    <property name="POM_DISPLAYNAME" value="webdriver"/>
    <property name="NODE_LABELS" value="master"/>
    <property name="TEMP" value="C:\Users\Ehsun\AppData\Local\Temp"/>
    <property name="java.runtime.version" value="1.7.0_45-b18"/>
    <property name="user.name" value="Ehsun"/>
    <property name="guice.disable.misplaced.annotation.check" value="true"/>
    <property name="CommonProgramW6432" value="C:\Program Files\Common Files"/>
    <property name="ProgramFiles" value="C:\Program Files"/>
    <property name="PROMPT" value="$P$G"/>
    <property name="user.language" value="en"/>
    <property name="BUILD_DISPLAY_NAME" value="#6"/>
    <property name="sun.boot.library.path" value="C:\Program Files\Java\jdk1.7.0_45\jre\bin"/>
    <property name="LOCALAPPDATA" value="C:\Users\Ehsun\AppData\Local"/>
    <property name="java.version" value="1.7.0_45"/>
    <property name="PROCESSOR_LEVEL" value="6"/>
    <property name="user.timezone" value="Europe/London"/>
    <property name="USERNAME" value="Ehsun"/>
    <property name="sun.arch.data.model" value="64"/>
    <property name="NODE_NAME" value="master"/>
    <property name="java.endorsed.dirs" value="C:\Program Files\Java\jdk1.7.0_45\jre\lib\endorsed"/>
    <property name="BUILD_ID" value="2014-10-08_17-01-32"/>
    <property name="sun.cpu.isalist" value="amd64"/>
    <property name="sun.jnu.encoding" value="Cp1252"/>
    <property name="file.encoding.pkg" value="sun.io"/>
    <property name="file.separator" value="\"/>
    <property name="java.specification.name" value="Java Platform API Specification"/>
    <property name="HOMEDRIVE" value="C:"/>
    <property name="java.class.version" value="51.0"/>
    <property name="=::" value="::\"/>
    <property name="org.slf4j.simpleLogger.defaultLogLevel" value="info"/>
    <property name="user.country" value="GB"/>
    <property name="LR_PATH" value="C:\Program Files (x86)\HP\LoadRunner\"/>
    <property name="LOG_FILE" value="C:\Users\Ehsun\AppData\Local\Temp\\ihp_custom_batches.log"/>
    <property name="ALLUSERSPROFILE" value="C:\ProgramData"/>
    <property name="java.home" value="C:\Program Files\Java\jdk1.7.0_45\jre"/>
    <property name="java.vm.info" value="mixed mode"/>
    <property name="os.version" value="6.1"/>
    <property name="=ExitCode" value="00000000"/>
    <property name="POM_VERSION" value="1.0-SNAPSHOT"/>
    <property name="TMP" value="C:\Users\Ehsun\AppData\Local\Temp"/>
    <property name="path.separator" value=";"/>
    <property name="java.vm.version" value="24.45-b08"/>
    <property name="user.variant" value=""/>
    <property name="CommonProgramFiles(x86)" value="C:\Program Files (x86)\Common Files"/>
    <property name="VUGEN_PATH" value="C:\Program Files (x86)\HP\LoadRunner\"/>
    <property name="java.awt.printerjob" value="sun.awt.windows.WPrinterJob"/>
    <property name="FP_NO_HOST_CHECK" value="NO"/>
    <property name="JAVA_HOME" value="C:\Program Files\Java\jdk1.7.0_45"/>
    <property name="sun.io.unicode.encoding" value="UnicodeLittle"/>
    <property name="CommonProgramFiles" value="C:\Program Files\Common Files"/>
    <property name="ComSpec" value="C:\windows\system32\cmd.exe"/>
    <property name="HOMEPATH" value="\Users\Ehsun"/>
    <property name="awt.toolkit" value="sun.awt.windows.WToolkit"/>
    <property name="POM_PACKAGING" value="jar"/>
    <property name="COMPUTERNAME" value="EHSUN-PC"/>
    <property name="user.script" value=""/>
    <property name="POM_GROUPID" value="com.selenium.webdriver"/>
    <property name="user.home" value="C:\Users\Ehsun"/>
    <property name="PUBLIC" value="C:\Users\Public"/>
    <property name="BUILD_TAG" value="jenkins-Chrome Tests-6"/>
    <property name="JENKINS_SERVER_COOKIE" value="b8fda225ea0cd94b"/>
    <property name="HUDSON_URL" value="http://localhost:8080/"/>
    <property name="ProgramData" value="C:\ProgramData"/>
    <property name="java.specification.vendor" value="Oracle Corporation"/>
    <property name="USERPROFILE" value="C:\Users\Ehsun"/>
    <property name="CLASSPATH" value=""/>
    <property name="java.vendor.url" value="http://java.oracle.com/"/>
    <property name="java.library.path" value="C:\Program Files\Java\jdk1.7.0_45\bin;C:\windows\Sun\Java\bin;C:\windows\system32;C:\windows;C:\Program Files\Apace Software Foundation\apache-maven-3.1.1/bin;C:\Program Files\Java\jdk1.7.0_45/bin;C:\Program Files\Java\jdk1.7.0_45/bin;C:\Program Files\Common Files\Microsoft Shared\Windows Live;C:\Program Files (x86)\Common Files\Microsoft Shared\Windows Live;C:\windows\system32;C:\windows;C:\windows\System32\Wbem;C:\windows\System32\WindowsPowerShell\v1.0\;C:\Program Files\Broadcom\Broadcom 802.11 Network Adapter\Driver;C:\Program Files (x86)\Windows Live\Shared;C:\Program Files (x86)\Microsoft SQL Server\100\Tools\Binn\;C:\Program Files\Microsoft SQL Server\100\Tools\Binn\;C:\Program Files\Microsoft SQL Server\100\DTS\Binn\;C:\Program Files\Microsoft\Web Platform Installer\;C:\Program Files\Apace Software Foundation\apache-maven-3.1.1\bin;C:\Program Files\Apace Software Foundation\apache-maven-3.1.1\bin;C:\Program Files (x86)\HP\LoadRunner\strawberry-perl\perl\bin;."/>
    <property name="java.vm.vendor" value="Oracle Corporation"/>
    <property name="APPDATA" value="C:\Users\Ehsun\AppData\Roaming"/>
    <property name="java.runtime.name" value="Java(TM) SE Runtime Environment"/>
    <property name="maven.home" value="C:\Program Files\Apace Software Foundation\apache-maven-3.1.1"/>
    <property name="java.class.path" value="C:\Users\Ehsun\.jenkins\plugins\maven-plugin\WEB-INF\lib\maven31-agent-1.4.jar;C:\Program Files\Apace Software Foundation\apache-maven-3.1.1\boot\plexus-classworlds-2.5.1.jar;C:\Program Files\Apace Software Foundation\apache-maven-3.1.1/conf/logging"/>
    <property name="sun.java.command" value="jenkins.maven3.agent.Maven31Main C:\Program Files\Apace Software Foundation\apache-maven-3.1.1 C:\Users\Ehsun\AppData\Local\Temp\jetty-0.0.0.0-8080-jenkins.war--any-\webapp\WEB-INF\lib\remoting-2.33.jar C:\Users\Ehsun\.jenkins\plugins\maven-plugin\WEB-INF\lib\maven31-interceptor-1.4.jar C:\Users\Ehsun\.jenkins\plugins\maven-plugin\WEB-INF\lib\maven3-interceptor-commons-1.4.jar 16208"/>
    <property name="LG_PATH" value="C:\Program Files (x86)\HP\LoadRunner\"/>
    <property name="Path" value="C:\Program Files\Java\jdk1.7.0_45/bin;C:\Program Files\Common Files\Microsoft Shared\Windows Live;C:\Program Files (x86)\Common Files\Microsoft Shared\Windows Live;C:\windows\system32;C:\windows;C:\windows\System32\Wbem;C:\windows\System32\WindowsPowerShell\v1.0\;C:\Program Files\Broadcom\Broadcom 802.11 Network Adapter\Driver;C:\Program Files (x86)\Windows Live\Shared;C:\Program Files (x86)\Microsoft SQL Server\100\Tools\Binn\;C:\Program Files\Microsoft SQL Server\100\Tools\Binn\;C:\Program Files\Microsoft SQL Server\100\DTS\Binn\;C:\Program Files\Microsoft\Web Platform Installer\;C:\Program Files\Apace Software Foundation\apache-maven-3.1.1\bin;C:\Program Files\Apace Software Foundation\apache-maven-3.1.1\bin;C:\Program Files (x86)\HP\LoadRunner\strawberry-perl\perl\bin"/>
    <property name="java.vm.specification.name" value="Java Virtual Machine Specification"/>
    <property name="PROCESSOR_ARCHITECTURE" value="AMD64"/>
    <property name="PATH+JDK" value="C:\Program Files\Java\jdk1.7.0_45/bin"/>
    <property name="PROCESSOR_IDENTIFIER" value="Intel64 Family 6 Model 23 Stepping 10, GenuineIntel"/>
    <property name="SESSIONNAME" value="Console"/>
    <property name="java.vm.specification.version" value="1.7"/>
    <property name="sun.os.patch.level" value="Service Pack 1"/>
    <property name="sun.cpu.endian" value="little"/>
    <property name="M2_HOME" value="C:\Program Files\Apace Software Foundation\apache-maven-3.1.1"/>
    <property name="java.io.tmpdir" value="C:\Users\Ehsun\AppData\Local\Temp\"/>
    <property name="OS" value="Windows_NT"/>
    <property name="HUDSON_HOME" value="C:\Users\Ehsun\.jenkins"/>
    <property name="PATH+MAVEN" value="C:\Program Files\Apace Software Foundation\apache-maven-3.1.1/bin"/>
    <property name="ProgramFiles(x86)" value="C:\Program Files (x86)"/>
    <property name="BUILD_URL" value="http://localhost:8080/job/Chrome%20Tests/6/"/>
    <property name="java.vendor.url.bug" value="http://bugreport.sun.com/bugreport/"/>
    <property name="selenium2.webdriver" value="CHROME"/>
    <property name="java.awt.graphicsenv" value="sun.awt.Win32GraphicsEnvironment"/>
    <property name="os.arch" value="amd64"/>
    <property name="SystemRoot" value="C:\windows"/>
    <property name="java.ext.dirs" value="C:\Program Files\Java\jdk1.7.0_45\jre\lib\ext;C:\windows\Sun\Java\lib\ext"/>
    <property name="user.dir" value="C:\webdriver"/>
    <property name="JOB_URL" value="http://localhost:8080/job/Chrome%20Tests/"/>
    <property name="LOGONSERVER" value="\\EHSUN-PC"/>
    <property name="USERDOMAIN" value="Ehsun-PC"/>
    <property name="line.separator" value="
"/>
    <property name="MAVEN_HOME" value="C:\Program Files\Apace Software Foundation\apache-maven-3.1.1"/>
    <property name="VS100COMNTOOLS" value="C:\Program Files (x86)\Microsoft Visual Studio 10.0\Common7\Tools\"/>
    <property name="java.vm.name" value="Java HotSpot(TM) 64-Bit Server VM"/>
    <property name="BUILD_NUMBER" value="6"/>
    <property name="JENKINS_URL" value="http://localhost:8080/"/>
    <property name="PROCESSOR_REVISION" value="170a"/>
    <property name="ProgramW6432" value="C:\Program Files"/>
    <property name="ANALYSIS_PATH" value="C:\Program Files (x86)\HP\LoadRunner\"/>
    <property name="windir" value="C:\windows"/>
    <property name="=C:" value="C:\Users\Ehsun\Jenkins"/>
    <property name="file.encoding" value="Cp1252"/>
    <property name="SystemDrive" value="C:"/>
    <property name="VBOX_INSTALL_PATH" value="C:\Program Files\Oracle\VirtualBox\"/>
    <property name="maven3.interceptor" value="C:\Users\Ehsun\.jenkins\plugins\maven-plugin\WEB-INF\lib\maven31-interceptor-1.4.jar"/>
    <property name="WORKSPACE" value="C:\Users\Ehsun\.jenkins\jobs\Chrome Tests\workspace"/>
    <property name="maven3.interceptor.common" value="C:\Users\Ehsun\.jenkins\plugins\maven-plugin\WEB-INF\lib\maven3-interceptor-commons-1.4.jar"/>
    <property name="java.specification.version" value="1.7"/>
    <property name="PSModulePath" value="C:\windows\system32\WindowsPowerShell\v1.0\Modules\"/>
  </properties>
  <testcase time="90.6" classname="com.selenium.webdriver.driverManager.LateDealsTest" name="latedealspageTest"/>
  <testcase time="2.235" classname="com.selenium.webdriver.driverManager.PriceGridTest" name="validatepricegridpage"/>
  <testcase time="0.012" classname="com.selenium.webdriver.driverManager.HotelTest" name="hotelpagevalidation"/>
  <testcase time="0.081" classname="com.selenium.webdriver.driverManager.OverseasTest" name="testContents"/>
  <testcase time="0.069" classname="com.selenium.webdriver.driverManager.OverseasTest" name="presenceOfImage"/>
  <testcase time="52.248" classname="com.selenium.webdriver.driverManager.AllinclusiveTest" name="com.selenium.webdriver.driverManager.AllinclusiveTest">
    <error message="Index: 0, Size: 0" type="java.lang.IndexOutOfBoundsException">java.lang.IndexOutOfBoundsException: Index: 0, Size: 0
	at java.util.ArrayList.rangeCheck(ArrayList.java:635)
	at java.util.ArrayList.get(ArrayList.java:411)
	at com.selenium.webdriver.driverManager.AllinclusiveTest.searchTest(AllinclusiveTest.java:39)
	at sun.reflect.NativeMethodAccessorImpl.invoke0(Native Method)
	at sun.reflect.NativeMethodAccessorImpl.invoke(NativeMethodAccessorImpl.java:57)
	at sun.reflect.DelegatingMethodAccessorImpl.invoke(DelegatingMethodAccessorImpl.java:43)
	at java.lang.reflect.Method.invoke(Method.java:606)
	at org.junit.runners.model.FrameworkMethod$1.runReflectiveCall(FrameworkMethod.java:45)
	at org.junit.internal.runners.model.ReflectiveCallable.run(ReflectiveCallable.java:15)
	at org.junit.runners.model.FrameworkMethod.invokeExplosively(FrameworkMethod.java:42)
	at org.junit.internal.runners.statements.RunBefores.evaluate(RunBefores.java:27)
	at org.junit.runners.ParentRunner.run(ParentRunner.java:300)
	at org.junit.runners.Suite.runChild(Suite.java:128)
	at org.junit.runners.Suite.runChild(Suite.java:24)
	at org.junit.runners.ParentRunner$3.run(ParentRunner.java:231)
	at org.junit.runners.ParentRunner$1.schedule(ParentRunner.java:60)
	at org.junit.runners.ParentRunner.runChildren(ParentRunner.java:229)
	at org.junit.runners.ParentRunner.access$000(ParentRunner.java:50)
	at org.junit.runners.ParentRunner$2.evaluate(ParentRunner.java:222)
	at org.junit.runners.ParentRunner.run(ParentRunner.java:300)
	at org.apache.maven.surefire.junit4.JUnit4Provider.execute(JUnit4Provider.java:252)
	at org.apache.maven.surefire.junit4.JUnit4Provider.executeTestSet(JUnit4Provider.java:141)
	at org.apache.maven.surefire.junit4.JUnit4Provider.invoke(JUnit4Provider.java:112)
	at sun.reflect.NativeMethodAccessorImpl.invoke0(Native Method)
	at sun.reflect.NativeMethodAccessorImpl.invoke(NativeMethodAccessorImpl.java:57)
	at sun.reflect.DelegatingMethodAccessorImpl.invoke(DelegatingMethodAccessorImpl.java:43)
	at java.lang.reflect.Method.invoke(Method.java:606)
	at org.apache.maven.surefire.util.ReflectionUtils.invokeMethodWithArray(ReflectionUtils.java:189)
	at org.apache.maven.surefire.booter.ProviderFactory$ProviderProxy.invoke(ProviderFactory.java:165)
	at org.apache.maven.surefire.booter.ProviderFactory.invokeProvider(ProviderFactory.java:85)
	at org.apache.maven.surefire.booter.ForkedBooter.runSuitesInProcess(ForkedBooter.java:115)
	at org.apache.maven.surefire.booter.ForkedBooter.main(ForkedBooter.java:75)
</error>
  </testcase>
  <testcase time="0.083" classname="com.selenium.webdriver.driverManager.CitiesTest" name="testContents"/>
  <testcase time="0.068" classname="com.selenium.webdriver.driverManager.CitiesTest" name="presenceOfImage"/>
  <testcase time="1.435" classname="com.selenium.webdriver.driverManager.SigninTest" name="testSininfunctionality"/>
</testsuite>